<?xml version="1.0" encoding="UTF-8"?>
<testsuite xmlns:xsi="http://www.w3.org/2001/XMLSchema-instance" xsi:noNamespaceSchemaLocation="https://maven.apache.org/surefire/maven-surefire-plugin/xsd/surefire-test-report-3.0.xsd" version="3.0" name="io.nexacache.NexaCacheCoreTest$CacheRegionTests" time="0.019" tests="7" errors="0" skipped="0" failures="0">
  <properties>
[...]
</properties>
  <testcase name="shouldClearPointerAfterEvict" classname="io.nexacache.NexaCacheCoreTest$CacheRegionTests" time="0.003"/>
  <testcase name="shouldReturnUpdatedValue" classname="io.nexacache.NexaCacheCoreTest$CacheRegionTests" time="0.002"/>
  <testcase name="shouldGetAfterPut" classname="io.nexacache.NexaCacheCoreTest$CacheRegionTests" time="0.001"/>
  <testcase name="shouldNotGetAfterEvict" classname="io.nexacache.NexaCacheCoreTest$CacheRegionTests" time="0.002"/>
  <testcase name="shouldHavePointerAfterPut" classname="io.nexacache.NexaCacheCoreTest$CacheRegionTests" time="0.001"/>
  <testcase name="shouldBeEmptyAfterClear" classname="io.nexacache.NexaCacheCoreTest$CacheRegionTests" time="0.004">
    <system-out><![CDATA[04:40:13.685 [main] INFO io.nexacache.cache.CacheRegion -- [NexaCache] 区域[test_product] 已全部清空
]]></system-out>
  </testcase>
  <testcase name="shouldReturnEmptyForMissingKey" classname="io.nexacache.NexaCacheCoreTest$CacheRegionTests" time="0.001"/>
</testsuite>